#! c:/iverilog-x86/bin/vvp
:ivl_version "10.0 (stable)" "(v10_0)";
:ivl_delay_selection "TYPICAL";
:vpi_time_precision + 0;
:vpi_module "system";
:vpi_module "vhdl_sys";
:vpi_module "v2005_math";
:vpi_module "va_math";
S_009b9d08 .scope module, "DeserializerWithCounter_tb" "DeserializerWithCounter_tb" 2 1;
 .timescale 0 0;
P_009c7ae8 .param/l "DATA_LENGTH" 0 2 3, +C4<00000000000000000000000000010000>;
P_009c7b08 .param/l "WORD_SIZE" 0 2 4, +C4<00000000000000000000000000001000>;
v009fa898_0 .net "RCO", 0 0, L_009c7bc0;  1 drivers
v009fa7e8_0 .net "busy", 0 0, L_009fafb0;  1 drivers
v009fa8f0_0 .var "clock", 0 0;
v009faea8_0 .var "data_in", 0 0;
v009fb2c8_0 .net "data_out", 7 0, L_009c79c8;  1 drivers
v009fb378_0 .var "reset", 0 0;
v009faf00_0 .var "start", 0 0;
S_009bbe20 .scope module, "deserializerWithCounter" "DeserializerWithCounter" 2 15, 3 1 0, S_009b9d08;
 .timescale 0 0;
    .port_info 0 /OUTPUT 8 "data_out"
    .port_info 1 /OUTPUT 1 "busy"
    .port_info 2 /OUTPUT 1 "RCO"
    .port_info 3 /INPUT 1 "start"
    .port_info 4 /INPUT 1 "data_in"
    .port_info 5 /INPUT 1 "clock"
    .port_info 6 /INPUT 1 "reset"
P_009bcc38 .param/l "DATA_COUNTER_SIZE" 0 3 12, +C4<000000000000000000000000000000101>;
P_009bcc58 .param/l "DATA_LENGTH" 0 3 11, +C4<00000000000000000000000000010000>;
P_009bcc78 .param/l "START_BIT" 0 3 15, C4<0>;
P_009bcc98 .param/l "WORD_COUNTER_SIZE" 0 3 14, +C4<000000000000000000000000000000100>;
P_009bccb8 .param/l "WORD_SIZE" 0 3 13, +C4<00000000000000000000000000001000>;
L_009c7e48 .functor AND 1, L_009fb008, L_009fb588, C4<1>, C4<1>;
L_009c7bc0 .functor BUFZ 1, L_009fb638, C4<0>, C4<0>, C4<0>;
L_009c7ce0 .functor OR 1, L_009fb4d8, L_009fb0b8, C4<0>, C4<0>;
L_009c78a8 .functor OR 1, L_009c7ce0, v009faf00_0, C4<0>, C4<0>;
L_009c79c8 .functor BUFZ 8, v009fa3c8_0, C4<00000000>, C4<00000000>, C4<00000000>;
v009b7508_0 .net "RCO", 0 0, L_009c7bc0;  alias, 1 drivers
L_009fbc20 .functor BUFT 1, C4<0001>, C4<0>, C4<0>, C4<0>;
v009b7560_0 .net/2u *"_s0", 3 0, L_009fbc20;  1 drivers
L_009fbc70 .functor BUFT 1, C4<0000000000000000000000000000>, C4<0>, C4<0>, C4<0>;
v009b75b8_0 .net *"_s11", 27 0, L_009fbc70;  1 drivers
L_009fbc98 .functor BUFT 1, C4<00000000000000000000000000000010>, C4<0>, C4<0>, C4<0>;
v009b8270_0 .net/2u *"_s12", 31 0, L_009fbc98;  1 drivers
v009b8110_0 .net *"_s14", 0 0, L_009fb008;  1 drivers
v009b81c0_0 .net *"_s17", 0 0, L_009fb588;  1 drivers
v009b8218_0 .net *"_s18", 0 0, L_009c7e48;  1 drivers
L_009fbcc0 .functor BUFT 1, C4<0000>, C4<0>, C4<0>, C4<0>;
v009b8168_0 .net/2u *"_s20", 3 0, L_009fbcc0;  1 drivers
v009b7df8_0 .net *"_s24", 31 0, L_009faf58;  1 drivers
L_009fbce8 .functor BUFT 1, C4<0000000000000000000000000000>, C4<0>, C4<0>, C4<0>;
v009b7e50_0 .net *"_s27", 27 0, L_009fbce8;  1 drivers
L_009fbd10 .functor BUFT 1, C4<00000000000000000000000000000010>, C4<0>, C4<0>, C4<0>;
v009b7f00_0 .net/2u *"_s28", 31 0, L_009fbd10;  1 drivers
v009b7ea8_0 .net *"_s30", 0 0, L_009fb530;  1 drivers
L_009fbd38 .functor BUFT 1, C4<00000>, C4<0>, C4<0>, C4<0>;
v009b7f58_0 .net/2u *"_s32", 4 0, L_009fbd38;  1 drivers
v009b7fb0_0 .net *"_s36", 31 0, L_009fb110;  1 drivers
L_009fbd60 .functor BUFT 1, C4<0000000000000000000000000000>, C4<0>, C4<0>, C4<0>;
v009b8008_0 .net *"_s39", 27 0, L_009fbd60;  1 drivers
L_009fbc48 .functor BUFT 1, C4<00001>, C4<0>, C4<0>, C4<0>;
v009b8060_0 .net/2u *"_s4", 4 0, L_009fbc48;  1 drivers
L_009fbd88 .functor BUFT 1, C4<00000000000000000000000000000010>, C4<0>, C4<0>, C4<0>;
v009b80b8_0 .net/2u *"_s40", 31 0, L_009fbd88;  1 drivers
v009f9d40_0 .net *"_s42", 0 0, L_009fb270;  1 drivers
v009fa528_0 .net *"_s45", 6 0, L_009fb480;  1 drivers
v009fa6e0_0 .net *"_s46", 7 0, L_009fb5e0;  1 drivers
L_009fbdb0 .functor BUFT 1, C4<00000000>, C4<0>, C4<0>, C4<0>;
v009f9d98_0 .net/2u *"_s48", 7 0, L_009fbdb0;  1 drivers
v009f9fa8_0 .net *"_s52", 31 0, L_009fad48;  1 drivers
L_009fbdd8 .functor BUFT 1, C4<0000000000000000000000000000>, C4<0>, C4<0>, C4<0>;
v009fa580_0 .net *"_s55", 27 0, L_009fbdd8;  1 drivers
L_009fbe00 .functor BUFT 1, C4<00000000000000000000000000001000>, C4<0>, C4<0>, C4<0>;
v009fa160_0 .net/2u *"_s56", 31 0, L_009fbe00;  1 drivers
v009fa420_0 .net *"_s58", 0 0, L_009fb6e8;  1 drivers
L_009fbe28 .functor BUFT 1, C4<1>, C4<0>, C4<0>, C4<0>;
v009fa1b8_0 .net/2u *"_s60", 0 0, L_009fbe28;  1 drivers
L_009fbe50 .functor BUFT 1, C4<0>, C4<0>, C4<0>, C4<0>;
v009f9e48_0 .net/2u *"_s62", 0 0, L_009fbe50;  1 drivers
v009f9f50_0 .net *"_s66", 31 0, L_009fb3d0;  1 drivers
L_009fbe78 .functor BUFT 1, C4<000000000000000000000000000>, C4<0>, C4<0>, C4<0>;
v009fa630_0 .net *"_s69", 26 0, L_009fbe78;  1 drivers
L_009fbea0 .functor BUFT 1, C4<00000000000000000000000000010000>, C4<0>, C4<0>, C4<0>;
v009fa5d8_0 .net/2u *"_s70", 31 0, L_009fbea0;  1 drivers
v009fa268_0 .net *"_s72", 0 0, L_009fb428;  1 drivers
L_009fbec8 .functor BUFT 1, C4<1>, C4<0>, C4<0>, C4<0>;
v009fa210_0 .net/2u *"_s74", 0 0, L_009fbec8;  1 drivers
L_009fbef0 .functor BUFT 1, C4<0>, C4<0>, C4<0>, C4<0>;
v009fa000_0 .net/2u *"_s76", 0 0, L_009fbef0;  1 drivers
v009fa688_0 .net *"_s8", 31 0, L_009fb690;  1 drivers
L_009fbf18 .functor BUFT 1, C4<0001>, C4<0>, C4<0>, C4<0>;
v009fa2c0_0 .net/2u *"_s82", 3 0, L_009fbf18;  1 drivers
v009f9ef8_0 .net *"_s84", 0 0, L_009fb4d8;  1 drivers
L_009fbf40 .functor BUFT 1, C4<0010>, C4<0>, C4<0>, C4<0>;
v009fa318_0 .net/2u *"_s86", 3 0, L_009fbf40;  1 drivers
v009f9df0_0 .net *"_s88", 0 0, L_009fb0b8;  1 drivers
v009fa370_0 .net *"_s90", 0 0, L_009c7ce0;  1 drivers
v009fa4d0_0 .net *"_s92", 0 0, L_009c78a8;  1 drivers
L_009fbf68 .functor BUFT 1, C4<1>, C4<0>, C4<0>, C4<0>;
v009f9c38_0 .net/2u *"_s94", 0 0, L_009fbf68;  1 drivers
L_009fbf90 .functor BUFT 1, C4<0>, C4<0>, C4<0>, C4<0>;
v009f9c90_0 .net/2u *"_s96", 0 0, L_009fbf90;  1 drivers
v009f9ce8_0 .net "added_data_counter", 4 0, L_009fac98;  1 drivers
v009f9ea0_0 .net "added_word_counter", 3 0, L_009fada0;  1 drivers
v009fa108_0 .net "busy", 0 0, L_009fafb0;  alias, 1 drivers
v009fa058_0 .net "clock", 0 0, v009fa8f0_0;  1 drivers
v009fa0b0_0 .var "counter", 3 0;
v009fa3c8_0 .var "data", 7 0;
v009fa478_0 .var "data_counter", 4 0;
v009fa948_0 .net "data_in", 0 0, v009faea8_0;  1 drivers
v009fa9a0_0 .net "data_out", 7 0, L_009c79c8;  alias, 1 drivers
v009fa9f8_0 .net "lastBitInData", 0 0, L_009fb168;  1 drivers
v009fa790_0 .net "lastBitInWord", 0 0, L_009fb638;  1 drivers
v009faa50_0 .net "next_counter", 3 0, L_009facf0;  1 drivers
v009fabb0_0 .net "next_data", 7 0, L_009fb320;  1 drivers
v009faaa8_0 .net "next_data_counter", 4 0, L_009fb060;  1 drivers
v009fab58_0 .var "ns", 3 0;
v009fa738_0 .var "ps", 3 0;
v009fa840_0 .net "reset", 0 0, v009fb378_0;  1 drivers
v009fab00_0 .net "start", 0 0, v009faf00_0;  1 drivers
E_009b4170 .event edge, v009fa738_0, v009fab00_0, v009fa948_0, v009fa9f8_0;
E_009b3e28 .event posedge, v009fa840_0, v009fa058_0;
L_009fada0 .arith/sum 4, v009fa0b0_0, L_009fbc20;
L_009fac98 .arith/sum 5, v009fa478_0, L_009fbc48;
L_009fb690 .concat [ 4 28 0 0], v009fa738_0, L_009fbc70;
L_009fb008 .cmp/eq 32, L_009fb690, L_009fbc98;
L_009fb588 .reduce/nor L_009fb638;
L_009facf0 .functor MUXZ 4, L_009fbcc0, L_009fada0, L_009c7e48, C4<>;
L_009faf58 .concat [ 4 28 0 0], v009fa738_0, L_009fbce8;
L_009fb530 .cmp/eq 32, L_009faf58, L_009fbd10;
L_009fb060 .functor MUXZ 5, L_009fbd38, L_009fac98, L_009fb530, C4<>;
L_009fb110 .concat [ 4 28 0 0], v009fa738_0, L_009fbd60;
L_009fb270 .cmp/eq 32, L_009fb110, L_009fbd88;
L_009fb480 .part v009fa3c8_0, 1, 7;
L_009fb5e0 .concat [ 7 1 0 0], L_009fb480, v009faea8_0;
L_009fb320 .functor MUXZ 8, L_009fbdb0, L_009fb5e0, L_009fb270, C4<>;
L_009fad48 .concat [ 4 28 0 0], v009fa0b0_0, L_009fbdd8;
L_009fb6e8 .cmp/eq 32, L_009fad48, L_009fbe00;
L_009fb638 .functor MUXZ 1, L_009fbe50, L_009fbe28, L_009fb6e8, C4<>;
L_009fb3d0 .concat [ 5 27 0 0], v009fa478_0, L_009fbe78;
L_009fb428 .cmp/eq 32, L_009fb3d0, L_009fbea0;
L_009fb168 .functor MUXZ 1, L_009fbef0, L_009fbec8, L_009fb428, C4<>;
L_009fb4d8 .cmp/eq 4, v009fa738_0, L_009fbf18;
L_009fb0b8 .cmp/eq 4, v009fa738_0, L_009fbf40;
L_009fafb0 .functor MUXZ 1, L_009fbf90, L_009fbf68, L_009c78a8, C4<>;
    .scope S_009bbe20;
T_0 ;
    %pushi/vec4 0, 0, 4;
    %assign/vec4 v009fa738_0, 0;
    %pushi/vec4 0, 0, 4;
    %assign/vec4 v009fa0b0_0, 0;
    %pushi/vec4 0, 0, 8;
    %assign/vec4 v009fa3c8_0, 0;
    %pushi/vec4 0, 0, 5;
    %assign/vec4 v009fa478_0, 0;
    %end;
    .thread T_0;
    .scope S_009bbe20;
T_1 ;
    %wait E_009b3e28;
    %load/vec4 v009fa840_0;
    %flag_set/vec4 8;
    %jmp/0xz  T_1.0, 8;
    %pushi/vec4 0, 0, 4;
    %assign/vec4 v009fa738_0, 0;
    %pushi/vec4 0, 0, 4;
    %assign/vec4 v009fa0b0_0, 0;
    %pushi/vec4 0, 0, 8;
    %assign/vec4 v009fa3c8_0, 0;
    %pushi/vec4 0, 0, 5;
    %assign/vec4 v009fa478_0, 0;
    %jmp T_1.1;
T_1.0 ;
    %load/vec4 v009fab58_0;
    %assign/vec4 v009fa738_0, 0;
    %load/vec4 v009faa50_0;
    %assign/vec4 v009fa0b0_0, 0;
    %load/vec4 v009fabb0_0;
    %assign/vec4 v009fa3c8_0, 0;
    %load/vec4 v009faaa8_0;
    %assign/vec4 v009fa478_0, 0;
T_1.1 ;
    %jmp T_1;
    .thread T_1;
    .scope S_009bbe20;
T_2 ;
    %wait E_009b4170;
    %load/vec4 v009fa738_0;
    %dup/vec4;
    %pushi/vec4 0, 0, 4;
    %cmp/u;
    %jmp/1 T_2.0, 6;
    %dup/vec4;
    %pushi/vec4 1, 0, 4;
    %cmp/u;
    %jmp/1 T_2.1, 6;
    %dup/vec4;
    %pushi/vec4 2, 0, 4;
    %cmp/u;
    %jmp/1 T_2.2, 6;
    %pushi/vec4 0, 0, 4;
    %assign/vec4 v009fab58_0, 0;
    %jmp T_2.4;
T_2.0 ;
    %load/vec4 v009fab00_0;
    %flag_set/vec4 8;
    %jmp/0xz  T_2.5, 8;
    %pushi/vec4 1, 0, 4;
    %assign/vec4 v009fab58_0, 0;
    %jmp T_2.6;
T_2.5 ;
    %pushi/vec4 0, 0, 4;
    %assign/vec4 v009fab58_0, 0;
T_2.6 ;
    %jmp T_2.4;
T_2.1 ;
    %load/vec4 v009fa948_0;
    %cmpi/e 0, 0, 1;
    %jmp/0xz  T_2.7, 4;
    %pushi/vec4 2, 0, 4;
    %assign/vec4 v009fab58_0, 0;
    %jmp T_2.8;
T_2.7 ;
    %pushi/vec4 1, 0, 4;
    %assign/vec4 v009fab58_0, 0;
T_2.8 ;
    %jmp T_2.4;
T_2.2 ;
    %load/vec4 v009fa9f8_0;
    %flag_set/vec4 8;
    %jmp/0xz  T_2.9, 8;
    %pushi/vec4 0, 0, 4;
    %assign/vec4 v009fab58_0, 0;
    %jmp T_2.10;
T_2.9 ;
    %pushi/vec4 2, 0, 4;
    %assign/vec4 v009fab58_0, 0;
T_2.10 ;
    %jmp T_2.4;
T_2.4 ;
    %pop/vec4 1;
    %jmp T_2;
    .thread T_2, $push;
    .scope S_009b9d08;
T_3 ;
    %vpi_call 2 18 "$dumpfile", "dump.vcd" {0 0 0};
    %vpi_call 2 19 "$dumpvars" {0 0 0};
    %pushi/vec4 0, 0, 1;
    %store/vec4 v009faf00_0, 0, 1;
    %pushi/vec4 1, 0, 1;
    %store/vec4 v009faea8_0, 0, 1;
    %pushi/vec4 0, 0, 1;
    %store/vec4 v009fa8f0_0, 0, 1;
    %pushi/vec4 0, 0, 1;
    %store/vec4 v009fb378_0, 0, 1;
    %delay 20, 0;
    %pushi/vec4 1, 0, 1;
    %store/vec4 v009fb378_0, 0, 1;
    %delay 20, 0;
    %pushi/vec4 0, 0, 1;
    %store/vec4 v009fb378_0, 0, 1;
    %delay 20, 0;
    %pushi/vec4 1, 0, 1;
    %store/vec4 v009faf00_0, 0, 1;
    %delay 20, 0;
    %pushi/vec4 0, 0, 1;
    %store/vec4 v009faf00_0, 0, 1;
    %delay 40, 0;
    %pushi/vec4 0, 0, 1;
    %store/vec4 v009faea8_0, 0, 1;
    %delay 20, 0;
    %pushi/vec4 1, 0, 1;
    %store/vec4 v009faea8_0, 0, 1;
    %delay 20, 0;
    %pushi/vec4 0, 0, 1;
    %store/vec4 v009faea8_0, 0, 1;
    %delay 20, 0;
    %pushi/vec4 0, 0, 1;
    %store/vec4 v009faea8_0, 0, 1;
    %delay 20, 0;
    %pushi/vec4 0, 0, 1;
    %store/vec4 v009faea8_0, 0, 1;
    %delay 20, 0;
    %pushi/vec4 1, 0, 1;
    %store/vec4 v009faea8_0, 0, 1;
    %delay 20, 0;
    %pushi/vec4 0, 0, 1;
    %store/vec4 v009faea8_0, 0, 1;
    %delay 20, 0;
    %pushi/vec4 1, 0, 1;
    %store/vec4 v009faea8_0, 0, 1;
    %delay 20, 0;
    %pushi/vec4 0, 0, 1;
    %store/vec4 v009faea8_0, 0, 1;
    %delay 20, 0;
    %pushi/vec4 1, 0, 1;
    %store/vec4 v009faea8_0, 0, 1;
    %delay 20, 0;
    %pushi/vec4 0, 0, 1;
    %store/vec4 v009faea8_0, 0, 1;
    %delay 20, 0;
    %pushi/vec4 0, 0, 1;
    %store/vec4 v009faea8_0, 0, 1;
    %delay 20, 0;
    %pushi/vec4 0, 0, 1;
    %store/vec4 v009faea8_0, 0, 1;
    %delay 20, 0;
    %pushi/vec4 1, 0, 1;
    %store/vec4 v009faea8_0, 0, 1;
    %delay 20, 0;
    %pushi/vec4 1, 0, 1;
    %store/vec4 v009faea8_0, 0, 1;
    %delay 20, 0;
    %pushi/vec4 0, 0, 1;
    %store/vec4 v009faea8_0, 0, 1;
    %delay 20, 0;
    %pushi/vec4 1, 0, 1;
    %store/vec4 v009faea8_0, 0, 1;
    %delay 200, 0;
    %vpi_call 2 45 "$finish" {0 0 0};
    %end;
    .thread T_3;
    .scope S_009b9d08;
T_4 ;
    %delay 10, 0;
    %load/vec4 v009fa8f0_0;
    %nor/r;
    %store/vec4 v009fa8f0_0, 0, 1;
    %jmp T_4;
    .thread T_4;
# The file index is used to find the file name in the following table.
:file_names 4;
    "N/A";
    "<interactive>";
    "DeserializerWithCounter_tb.v";
    "DeserializerWithCounter.v";
