#! c:/iverilog-x86/bin/vvp
:ivl_version "10.0 (stable)" "(v10_0)";
:ivl_delay_selection "TYPICAL";
:vpi_time_precision + 0;
:vpi_module "system";
:vpi_module "vhdl_sys";
:vpi_module "v2005_math";
:vpi_module "va_math";
S_008c1ae0 .scope module, "waiter_tb" "waiter_tb" 2 1;
 .timescale 0 0;
P_009cbff0 .param/l "COUNTER_SIZE" 0 2 3, +C4<00000000000000000000000000001000>;
v008fb6b0_0 .net "busy", 0 0, L_009cca40;  1 drivers
v008fb2e8_0 .var "clock", 0 0;
v008faf20_0 .var "count_to", 7 0;
v008fad10_0 .var "reset", 0 0;
v008fb238_0 .var "start", 0 0;
S_008c1bb0 .scope module, "waiter" "Waiter" 2 11, 3 1 0, S_008c1ae0;
 .timescale 0 0;
    .port_info 0 /OUTPUT 1 "busy"
    .port_info 1 /INPUT 1 "start"
    .port_info 2 /INPUT 8 "count_to"
    .port_info 3 /INPUT 1 "clock"
    .port_info 4 /INPUT 1 "reset"
P_009cc1a8 .param/l "COUNTER_SIZE" 0 3 9, +C4<00000000000000000000000000001000>;
L_008fbce0 .functor BUFT 1, C4<1>, C4<0>, C4<0>, C4<0>;
L_009cc2f0 .functor XNOR 1, v008fad68_0, L_008fbce0, C4<0>, C4<0>;
L_009cc968 .functor AND 1, L_009cc2f0, L_008fb340, C4<1>, C4<1>;
L_008fbd08 .functor BUFT 1, C4<0>, C4<0>, C4<0>, C4<0>;
L_009cc728 .functor XNOR 1, v008fad68_0, L_008fbd08, C4<0>, C4<0>;
L_009cc9b0 .functor AND 1, v008fb238_0, L_009cc728, C4<1>, C4<1>;
L_009cc9f8 .functor OR 1, L_009cc968, L_009cc9b0, C4<0>, C4<0>;
L_009cca40 .functor OR 1, v008fad68_0, v008fb238_0, C4<0>, C4<0>;
v008c2348_0 .net *"_s0", 31 0, L_008fb5a8;  1 drivers
v008c1d70_0 .net *"_s10", 7 0, L_008fae70;  1 drivers
L_008fbcb8 .functor BUFT 1, C4<00000001>, C4<0>, C4<0>, C4<0>;
v008c2138_0 .net/2u *"_s12", 7 0, L_008fbcb8;  1 drivers
v008c1e78_0 .net/2u *"_s16", 0 0, L_008fbce0;  1 drivers
v008c2190_0 .net *"_s18", 0 0, L_009cc2f0;  1 drivers
v008c21e8_0 .net *"_s20", 0 0, L_008fb340;  1 drivers
v008c1cc0_0 .net *"_s22", 0 0, L_009cc968;  1 drivers
v008c2240_0 .net/2u *"_s24", 0 0, L_008fbd08;  1 drivers
v008c23f8_0 .net *"_s26", 0 0, L_009cc728;  1 drivers
v008c1dc8_0 .net *"_s28", 0 0, L_009cc9b0;  1 drivers
L_008fbc40 .functor BUFT 1, C4<0000000000000000000000000000000>, C4<0>, C4<0>, C4<0>;
v008c1ed0_0 .net *"_s3", 30 0, L_008fbc40;  1 drivers
v008c2088_0 .net *"_s30", 0 0, L_009cc9f8;  1 drivers
L_008fbd30 .functor BUFT 1, C4<1>, C4<0>, C4<0>, C4<0>;
v008c1f28_0 .net/2u *"_s32", 0 0, L_008fbd30;  1 drivers
L_008fbd58 .functor BUFT 1, C4<0>, C4<0>, C4<0>, C4<0>;
v008fb448_0 .net/2u *"_s34", 0 0, L_008fbd58;  1 drivers
L_008fbc68 .functor BUFT 1, C4<00000000000000000000000000000001>, C4<0>, C4<0>, C4<0>;
v008facb8_0 .net/2u *"_s4", 31 0, L_008fbc68;  1 drivers
v008fb4a0_0 .net *"_s6", 0 0, L_008fb290;  1 drivers
L_008fbc90 .functor BUFT 1, C4<00000001>, C4<0>, C4<0>, C4<0>;
v008fb080_0 .net/2u *"_s8", 7 0, L_008fbc90;  1 drivers
v008faec8_0 .net "busy", 0 0, L_009cca40;  alias, 1 drivers
v008fae18_0 .net "clock", 0 0, v008fb2e8_0;  1 drivers
v008fb188_0 .net "count_to", 7 0, v008faf20_0;  1 drivers
v008fb600_0 .var "counter", 7 0;
v008fb4f8_0 .var "counter_to", 7 0;
v008fb0d8_0 .net "next_counter", 7 0, L_008fb658;  1 drivers
v008fb130_0 .net "ns", 0 0, L_008fb708;  1 drivers
v008fad68_0 .var "ps", 0 0;
v008fadc0_0 .net "reset", 0 0, v008fad10_0;  1 drivers
v008fb550_0 .net "start", 0 0, v008fb238_0;  1 drivers
E_008c3ab0 .event posedge, v008fadc0_0, v008fae18_0;
L_008fb5a8 .concat [ 1 31 0 0], v008fad68_0, L_008fbc40;
L_008fb290 .cmp/eq 32, L_008fb5a8, L_008fbc68;
L_008fae70 .arith/sum 8, v008fb600_0, L_008fbc90;
L_008fb658 .functor MUXZ 8, L_008fbcb8, L_008fae70, L_008fb290, C4<>;
L_008fb340 .cmp/ne 8, v008fb600_0, v008fb4f8_0;
L_008fb708 .functor MUXZ 1, L_008fbd58, L_008fbd30, L_009cc9f8, C4<>;
    .scope S_008c1bb0;
T_0 ;
    %pushi/vec4 0, 0, 1;
    %store/vec4 v008fad68_0, 0, 1;
    %pushi/vec4 0, 0, 8;
    %store/vec4 v008fb600_0, 0, 8;
    %pushi/vec4 0, 0, 8;
    %store/vec4 v008fb4f8_0, 0, 8;
    %end;
    .thread T_0;
    .scope S_008c1bb0;
T_1 ;
    %wait E_008c3ab0;
    %load/vec4 v008fadc0_0;
    %flag_set/vec4 8;
    %jmp/0xz  T_1.0, 8;
    %pushi/vec4 0, 0, 1;
    %assign/vec4 v008fad68_0, 0;
    %pushi/vec4 0, 0, 8;
    %assign/vec4 v008fb600_0, 0;
    %pushi/vec4 0, 0, 8;
    %assign/vec4 v008fb4f8_0, 0;
    %jmp T_1.1;
T_1.0 ;
    %load/vec4 v008fb130_0;
    %assign/vec4 v008fad68_0, 0;
    %load/vec4 v008fb0d8_0;
    %assign/vec4 v008fb600_0, 0;
    %load/vec4 v008fb188_0;
    %assign/vec4 v008fb4f8_0, 0;
T_1.1 ;
    %jmp T_1;
    .thread T_1;
    .scope S_008c1ae0;
T_2 ;
    %pushi/vec4 0, 0, 1;
    %store/vec4 v008fb2e8_0, 0, 1;
    %pushi/vec4 0, 0, 1;
    %store/vec4 v008fb238_0, 0, 1;
    %pushi/vec4 0, 0, 1;
    %store/vec4 v008fad10_0, 0, 1;
    %vpi_call 2 17 "$dumpfile", "dump.vcd" {0 0 0};
    %vpi_call 2 18 "$dumpvars" {0 0 0};
    %pushi/vec4 10, 0, 8;
    %store/vec4 v008faf20_0, 0, 8;
    %delay 50, 0;
    %pushi/vec4 1, 0, 1;
    %store/vec4 v008fad10_0, 0, 1;
    %delay 50, 0;
    %pushi/vec4 0, 0, 1;
    %store/vec4 v008fad10_0, 0, 1;
    %delay 50, 0;
    %pushi/vec4 1, 0, 1;
    %store/vec4 v008fb238_0, 0, 1;
    %delay 50, 0;
    %pushi/vec4 0, 0, 1;
    %store/vec4 v008fb238_0, 0, 1;
    %delay 1000, 0;
    %vpi_call 2 24 "$finish" {0 0 0};
    %end;
    .thread T_2;
    .scope S_008c1ae0;
T_3 ;
    %delay 10, 0;
    %load/vec4 v008fb2e8_0;
    %inv;
    %store/vec4 v008fb2e8_0, 0, 1;
    %jmp T_3;
    .thread T_3;
# The file index is used to find the file name in the following table.
:file_names 4;
    "N/A";
    "<interactive>";
    "waiter_tb.v";
    "waiter.v";
